/Library/Java/JavaVirtualMachines/openjdk-17.jdk/Contents/Home/bin/java -XX:TieredStopAtLevel=1 -Dspring.output.ansi.enabled=always -Dcom.sun.management.jmxremote -Dspring.jmx.enabled=true -Dspring.liveBeansView.mbeanDomain -Dspring.application.admin.enabled=true -javaagent:/Applications/IntelliJ IDEA.app/Contents/lib/idea_rt.jar=61517:/Applications/IntelliJ IDEA.app/Contents/bin -Dfile.encoding=UTF-8 -classpath /Users/cyper/gitibm/spring-security-cookie-csrf-reactjs-demo/target/classes:/Users/cyper/.m2/repository/cn/hutool/hutool-core/5.8.8/hutool-core-5.8.8.jar:/Users/cyper/.m2/repository/cn/hutool/hutool-json/5.8.8/hutool-json-5.8.8.jar:/Users/cyper/.m2/repository/org/springframework/boot/spring-boot-starter-security/2.7.4/spring-boot-starter-security-2.7.4.jar:/Users/cyper/.m2/repository/org/springframework/boot/spring-boot-starter/2.7.4/spring-boot-starter-2.7.4.jar:/Users/cyper/.m2/repository/org/springframework/boot/spring-boot/2.7.4/spring-boot-2.7.4.jar:/Users/cyper/.m2/repository/org/springframework/boot/spring-boot-autoconfigure/2.7.4/spring-boot-autoconfigure-2.7.4.jar:/Users/cyper/.m2/repository/org/springframework/boot/spring-boot-starter-logging/2.7.4/spring-boot-starter-logging-2.7.4.jar:/Users/cyper/.m2/repository/ch/qos/logback/logback-classic/1.2.11/logback-classic-1.2.11.jar:/Users/cyper/.m2/repository/ch/qos/logback/logback-core/1.2.11/logback-core-1.2.11.jar:/Users/cyper/.m2/repository/org/apache/logging/log4j/log4j-to-slf4j/2.17.2/log4j-to-slf4j-2.17.2.jar:/Users/cyper/.m2/repository/org/apache/logging/log4j/log4j-api/2.17.2/log4j-api-2.17.2.jar:/Users/cyper/.m2/repository/org/slf4j/jul-to-slf4j/1.7.36/jul-to-slf4j-1.7.36.jar:/Users/cyper/.m2/repository/jakarta/annotation/jakarta.annotation-api/1.3.5/jakarta.annotation-api-1.3.5.jar:/Users/cyper/.m2/repository/org/yaml/snakeyaml/1.30/snakeyaml-1.30.jar:/Users/cyper/.m2/repository/org/springframework/spring-aop/5.3.23/spring-aop-5.3.23.jar:/Users/cyper/.m2/repository/org/springframework/spring-beans/5.3.23/spring-beans-5.3.23.jar:/Users/cyper/.m2/repository/org/springframework/security/spring-security-config/5.7.3/spring-security-config-5.7.3.jar:/Users/cyper/.m2/repository/org/springframework/spring-context/5.3.23/spring-context-5.3.23.jar:/Users/cyper/.m2/repository/org/springframework/security/spring-security-web/5.7.3/spring-security-web-5.7.3.jar:/Users/cyper/.m2/repository/org/springframework/spring-expression/5.3.23/spring-expression-5.3.23.jar:/Users/cyper/.m2/repository/org/springframework/boot/spring-boot-starter-web/2.7.4/spring-boot-starter-web-2.7.4.jar:/Users/cyper/.m2/repository/org/springframework/boot/spring-boot-starter-json/2.7.4/spring-boot-starter-json-2.7.4.jar:/Users/cyper/.m2/repository/com/fasterxml/jackson/core/jackson-databind/2.13.4/jackson-databind-2.13.4.jar:/Users/cyper/.m2/repository/com/fasterxml/jackson/core/jackson-annotations/2.13.4/jackson-annotations-2.13.4.jar:/Users/cyper/.m2/repository/com/fasterxml/jackson/core/jackson-core/2.13.4/jackson-core-2.13.4.jar:/Users/cyper/.m2/repository/com/fasterxml/jackson/datatype/jackson-datatype-jdk8/2.13.4/jackson-datatype-jdk8-2.13.4.jar:/Users/cyper/.m2/repository/com/fasterxml/jackson/datatype/jackson-datatype-jsr310/2.13.4/jackson-datatype-jsr310-2.13.4.jar:/Users/cyper/.m2/repository/com/fasterxml/jackson/module/jackson-module-parameter-names/2.13.4/jackson-module-parameter-names-2.13.4.jar:/Users/cyper/.m2/repository/org/springframework/boot/spring-boot-starter-tomcat/2.7.4/spring-boot-starter-tomcat-2.7.4.jar:/Users/cyper/.m2/repository/org/apache/tomcat/embed/tomcat-embed-core/9.0.65/tomcat-embed-core-9.0.65.jar:/Users/cyper/.m2/repository/org/apache/tomcat/embed/tomcat-embed-el/9.0.65/tomcat-embed-el-9.0.65.jar:/Users/cyper/.m2/repository/org/apache/tomcat/embed/tomcat-embed-websocket/9.0.65/tomcat-embed-websocket-9.0.65.jar:/Users/cyper/.m2/repository/org/springframework/spring-web/5.3.23/spring-web-5.3.23.jar:/Users/cyper/.m2/repository/org/springframework/spring-webmvc/5.3.23/spring-webmvc-5.3.23.jar:/Users/cyper/.m2/repository/org/slf4j/slf4j-api/1.7.36/slf4j-api-1.7.36.jar:/Users/cyper/.m2/repository/org/springframework/spring-core/5.3.23/spring-core-5.3.23.jar:/Users/cyper/.m2/repository/org/springframework/spring-jcl/5.3.23/spring-jcl-5.3.23.jar:/Users/cyper/.m2/repository/org/springframework/security/spring-security-core/5.7.3/spring-security-core-5.7.3.jar:/Users/cyper/.m2/repository/org/springframework/security/spring-security-crypto/5.7.3/spring-security-crypto-5.7.3.jar demo.DemoApplication

  .   ____          _            __ _ _
 /\\ / ___'_ __ _ _(_)_ __  __ _ \ \ \ \
( ( )\___ | '_ | '_| | '_ \/ _` | \ \ \ \
 \\/  ___)| |_)| | | | | || (_| |  ) ) ) )
  '  |____| .__|_| |_|_| |_\__, | / / / /
 =========|_|==============|___/=/_/_/_/
 :: Spring Boot ::                (v2.7.4)

[10-14 13:27:39 INFO ] [demo.DemoApplication                ] Starting DemoApplication using Java 17.0.4.1 on cypers-mac13.local with PID 82597 (/Users/cyper/gitibm/spring-security-cookie-csrf-reactjs-demo/target/classes started by cyper in /Users/cyper/gitibm/spring-security-cookie-csrf-reactjs-demo)
[10-14 13:27:39 INFO ] [demo.DemoApplication                ] No active profile set, falling back to 1 default profile: "default"
[10-14 13:27:40 INFO ] [o.s.b.w.e.tomcat.TomcatWebServer    ] Tomcat initialized with port(s): 8080 (http)
[10-14 13:27:40 INFO ] [o.a.catalina.core.StandardService   ] Starting service [Tomcat]
[10-14 13:27:40 INFO ] [o.a.catalina.core.StandardEngine    ] Starting Servlet engine: [Apache Tomcat/9.0.65]
[10-14 13:27:40 INFO ] [o.a.c.c.C.[Tomcat].[localhost].[/]  ] Initializing Spring embedded WebApplicationContext
[10-14 13:27:40 INFO ] [o.s.b.w.s.c.ServletWebServerApplicationContext] Root WebApplicationContext: initialization completed in 886 ms
[10-14 13:27:40 TRACE] [o.s.s.c.a.a.c.AuthenticationConfiguration$EnableGlobalAuthenticationAutowiredConfigurer] Eagerly initializing {securityConfig=demo.config.SecurityConfig$$EnhancerBySpringCGLIB$$decfaebf@4c18621b}
[10-14 13:27:40 DEBUG] [o.s.s.w.a.e.ExpressionBasedFilterInvocationSecurityMetadataSource] Adding web access control expression [permitAll] for ExactUrl [processUrl='/login?error']
[10-14 13:27:40 DEBUG] [o.s.s.w.a.e.ExpressionBasedFilterInvocationSecurityMetadataSource] Adding web access control expression [permitAll] for ExactUrl [processUrl='/login']
[10-14 13:27:40 DEBUG] [o.s.s.w.a.e.ExpressionBasedFilterInvocationSecurityMetadataSource] Adding web access control expression [permitAll] for ExactUrl [processUrl='/login']
[10-14 13:27:40 DEBUG] [o.s.s.w.a.e.ExpressionBasedFilterInvocationSecurityMetadataSource] Adding web access control expression [authenticated] for any request
[10-14 13:27:40 TRACE] [o.s.s.w.a.i.FilterSecurityInterceptor] Validated configuration attributes
[10-14 13:27:40 TRACE] [o.s.s.w.a.i.FilterSecurityInterceptor] Validated configuration attributes
[10-14 13:27:40 INFO ] [o.s.s.web.DefaultSecurityFilterChain] Will secure any request with [org.springframework.security.web.session.DisableEncodeUrlFilter@7dbe2ebf, org.springframework.security.web.context.request.async.WebAsyncManagerIntegrationFilter@4adc663e, org.springframework.security.web.context.SecurityContextPersistenceFilter@36480b2d, org.springframework.security.web.header.HeaderWriterFilter@42b84286, org.springframework.security.web.csrf.CsrfFilter@74174a23, org.springframework.security.web.authentication.logout.LogoutFilter@69fe0ed4, org.springframework.security.web.authentication.UsernamePasswordAuthenticationFilter@31c628e7, org.springframework.security.web.savedrequest.RequestCacheAwareFilter@1f6917fb, org.springframework.security.web.servletapi.SecurityContextHolderAwareRequestFilter@41eb94bc, org.springframework.security.web.authentication.AnonymousAuthenticationFilter@885e7ff, org.springframework.security.web.session.SessionManagementFilter@74ecacc3, org.springframework.security.web.access.ExceptionTranslationFilter@68ab0936, org.springframework.security.web.access.intercept.FilterSecurityInterceptor@753aca85]
[10-14 13:27:40 INFO ] [o.s.b.w.e.tomcat.TomcatWebServer    ] Tomcat started on port(s): 8080 (http) with context path ''
[10-14 13:27:40 INFO ] [demo.DemoApplication                ] Started DemoApplication in 1.649 seconds (JVM running for 2.106)
[10-14 13:27:50 INFO ] [o.a.c.c.C.[Tomcat].[localhost].[/]  ] Initializing Spring DispatcherServlet 'dispatcherServlet'
[10-14 13:27:50 INFO ] [o.s.web.servlet.DispatcherServlet   ] Initializing Servlet 'dispatcherServlet'
[10-14 13:27:50 INFO ] [o.s.web.servlet.DispatcherServlet   ] Completed initialization in 1 ms
[10-14 13:27:50 TRACE] [o.s.security.web.FilterChainProxy   ] Trying to match request against DefaultSecurityFilterChain [RequestMatcher=any request, Filters=[org.springframework.security.web.session.DisableEncodeUrlFilter@7dbe2ebf, org.springframework.security.web.context.request.async.WebAsyncManagerIntegrationFilter@4adc663e, org.springframework.security.web.context.SecurityContextPersistenceFilter@36480b2d, org.springframework.security.web.header.HeaderWriterFilter@42b84286, org.springframework.security.web.csrf.CsrfFilter@74174a23, org.springframework.security.web.authentication.logout.LogoutFilter@69fe0ed4, org.springframework.security.web.authentication.UsernamePasswordAuthenticationFilter@31c628e7, org.springframework.security.web.savedrequest.RequestCacheAwareFilter@1f6917fb, org.springframework.security.web.servletapi.SecurityContextHolderAwareRequestFilter@41eb94bc, org.springframework.security.web.authentication.AnonymousAuthenticationFilter@885e7ff, org.springframework.security.web.session.SessionManagementFilter@74ecacc3, org.springframework.security.web.access.ExceptionTranslationFilter@68ab0936, org.springframework.security.web.access.intercept.FilterSecurityInterceptor@753aca85]] (1/1)
[10-14 13:27:50 DEBUG] [o.s.security.web.FilterChainProxy   ] Securing GET /login
[10-14 13:27:50 TRACE] [o.s.security.web.FilterChainProxy   ] Invoking DisableEncodeUrlFilter (1/13)
[10-14 13:27:50 TRACE] [o.s.security.web.FilterChainProxy   ] Invoking WebAsyncManagerIntegrationFilter (2/13)
[10-14 13:27:50 TRACE] [o.s.security.web.FilterChainProxy   ] Invoking SecurityContextPersistenceFilter (3/13)
[10-14 13:27:50 TRACE] [o.s.s.w.c.HttpSessionSecurityContextRepository] No HttpSession currently exists
[10-14 13:27:50 TRACE] [o.s.s.w.c.HttpSessionSecurityContextRepository] Created SecurityContextImpl [Null authentication]
[10-14 13:27:50 DEBUG] [o.s.s.w.c.SecurityContextPersistenceFilter] Set SecurityContextHolder to empty SecurityContext
[10-14 13:27:50 TRACE] [o.s.security.web.FilterChainProxy   ] Invoking HeaderWriterFilter (4/13)
[10-14 13:27:50 TRACE] [o.s.security.web.FilterChainProxy   ] Invoking CsrfFilter (5/13)
[10-14 13:27:50 TRACE] [o.s.security.web.csrf.CsrfFilter    ] Did not protect against CSRF since request did not match CsrfNotRequired [TRACE, HEAD, GET, OPTIONS]
[10-14 13:27:50 TRACE] [o.s.security.web.FilterChainProxy   ] Invoking LogoutFilter (6/13)
[10-14 13:27:50 TRACE] [o.s.s.w.a.logout.LogoutFilter       ] Did not match request to Ant [pattern='/logout', POST]
[10-14 13:27:50 TRACE] [o.s.security.web.FilterChainProxy   ] Invoking UsernamePasswordAuthenticationFilter (7/13)
[10-14 13:27:50 TRACE] [o.s.s.w.a.UsernamePasswordAuthenticationFilter] Did not match request to Ant [pattern='/login', POST]
[10-14 13:27:50 TRACE] [o.s.security.web.FilterChainProxy   ] Invoking RequestCacheAwareFilter (8/13)
[10-14 13:27:50 TRACE] [o.s.s.w.s.HttpSessionRequestCache   ] No saved request
[10-14 13:27:50 TRACE] [o.s.security.web.FilterChainProxy   ] Invoking SecurityContextHolderAwareRequestFilter (9/13)
[10-14 13:27:50 TRACE] [o.s.security.web.FilterChainProxy   ] Invoking AnonymousAuthenticationFilter (10/13)
[10-14 13:27:50 TRACE] [o.s.s.w.a.AnonymousAuthenticationFilter] Set SecurityContextHolder to AnonymousAuthenticationToken [Principal=anonymousUser, Credentials=[PROTECTED], Authenticated=true, Details=WebAuthenticationDetails [RemoteIpAddress=0:0:0:0:0:0:0:1, SessionId=null], Granted Authorities=[ROLE_ANONYMOUS]]
[10-14 13:27:50 TRACE] [o.s.security.web.FilterChainProxy   ] Invoking SessionManagementFilter (11/13)
[10-14 13:27:50 TRACE] [o.s.security.web.FilterChainProxy   ] Invoking ExceptionTranslationFilter (12/13)
[10-14 13:27:50 TRACE] [o.s.security.web.FilterChainProxy   ] Invoking FilterSecurityInterceptor (13/13)
[10-14 13:27:50 TRACE] [o.s.s.w.a.e.ExpressionBasedFilterInvocationSecurityMetadataSource] Did not match request to ExactUrl [processUrl='/login?error'] - [permitAll] (1/4)
[10-14 13:27:50 TRACE] [o.s.s.w.a.i.FilterSecurityInterceptor] Did not re-authenticate AnonymousAuthenticationToken [Principal=anonymousUser, Credentials=[PROTECTED], Authenticated=true, Details=WebAuthenticationDetails [RemoteIpAddress=0:0:0:0:0:0:0:1, SessionId=null], Granted Authorities=[ROLE_ANONYMOUS]] before authorizing
[10-14 13:27:50 TRACE] [o.s.s.w.a.i.FilterSecurityInterceptor] Authorizing filter invocation [GET /login] with attributes [permitAll]
[10-14 13:27:50 DEBUG] [o.s.s.w.a.i.FilterSecurityInterceptor] Authorized filter invocation [GET /login] with attributes [permitAll]
[10-14 13:27:50 TRACE] [o.s.s.w.a.i.FilterSecurityInterceptor] Did not switch RunAs authentication since RunAsManager returned null
[10-14 13:27:50 DEBUG] [o.s.security.web.FilterChainProxy   ] Secured GET /login
[10-14 13:27:50 TRACE] [o.s.s.w.h.writers.HstsHeaderWriter  ] Not injecting HSTS header since it did not match request to [Is Secure]
[10-14 13:27:50 DEBUG] [o.s.s.w.c.HttpSessionSecurityContextRepository] Did not store anonymous SecurityContext
[10-14 13:27:50 DEBUG] [o.s.s.w.c.HttpSessionSecurityContextRepository] Did not store anonymous SecurityContext
[10-14 13:27:50 DEBUG] [o.s.s.w.c.SecurityContextPersistenceFilter] Cleared SecurityContextHolder to complete request
[10-14 13:27:50 TRACE] [o.s.security.web.FilterChainProxy   ] Trying to match request against DefaultSecurityFilterChain [RequestMatcher=any request, Filters=[org.springframework.security.web.session.DisableEncodeUrlFilter@7dbe2ebf, org.springframework.security.web.context.request.async.WebAsyncManagerIntegrationFilter@4adc663e, org.springframework.security.web.context.SecurityContextPersistenceFilter@36480b2d, org.springframework.security.web.header.HeaderWriterFilter@42b84286, org.springframework.security.web.csrf.CsrfFilter@74174a23, org.springframework.security.web.authentication.logout.LogoutFilter@69fe0ed4, org.springframework.security.web.authentication.UsernamePasswordAuthenticationFilter@31c628e7, org.springframework.security.web.savedrequest.RequestCacheAwareFilter@1f6917fb, org.springframework.security.web.servletapi.SecurityContextHolderAwareRequestFilter@41eb94bc, org.springframework.security.web.authentication.AnonymousAuthenticationFilter@885e7ff, org.springframework.security.web.session.SessionManagementFilter@74ecacc3, org.springframework.security.web.access.ExceptionTranslationFilter@68ab0936, org.springframework.security.web.access.intercept.FilterSecurityInterceptor@753aca85]] (1/1)
[10-14 13:27:50 DEBUG] [o.s.security.web.FilterChainProxy   ] Securing GET /error
[10-14 13:27:50 TRACE] [o.s.security.web.FilterChainProxy   ] Invoking DisableEncodeUrlFilter (1/13)
[10-14 13:27:50 TRACE] [o.s.security.web.FilterChainProxy   ] Invoking WebAsyncManagerIntegrationFilter (2/13)
[10-14 13:27:50 TRACE] [o.s.security.web.FilterChainProxy   ] Invoking SecurityContextPersistenceFilter (3/13)
[10-14 13:27:50 TRACE] [o.s.s.w.c.HttpSessionSecurityContextRepository] No HttpSession currently exists
[10-14 13:27:50 TRACE] [o.s.s.w.c.HttpSessionSecurityContextRepository] Created SecurityContextImpl [Null authentication]
[10-14 13:27:50 DEBUG] [o.s.s.w.c.SecurityContextPersistenceFilter] Set SecurityContextHolder to empty SecurityContext
[10-14 13:27:50 TRACE] [o.s.security.web.FilterChainProxy   ] Invoking HeaderWriterFilter (4/13)
[10-14 13:27:50 TRACE] [o.s.security.web.FilterChainProxy   ] Invoking CsrfFilter (5/13)
[10-14 13:27:50 TRACE] [o.s.security.web.FilterChainProxy   ] Invoking LogoutFilter (6/13)
[10-14 13:27:50 TRACE] [o.s.s.w.a.logout.LogoutFilter       ] Did not match request to Ant [pattern='/logout', POST]
[10-14 13:27:50 TRACE] [o.s.security.web.FilterChainProxy   ] Invoking UsernamePasswordAuthenticationFilter (7/13)
[10-14 13:27:50 TRACE] [o.s.s.w.a.UsernamePasswordAuthenticationFilter] Did not match request to Ant [pattern='/login', POST]
[10-14 13:27:50 TRACE] [o.s.security.web.FilterChainProxy   ] Invoking RequestCacheAwareFilter (8/13)
[10-14 13:27:50 TRACE] [o.s.s.w.s.HttpSessionRequestCache   ] No saved request
[10-14 13:27:50 TRACE] [o.s.security.web.FilterChainProxy   ] Invoking SecurityContextHolderAwareRequestFilter (9/13)
[10-14 13:27:50 TRACE] [o.s.security.web.FilterChainProxy   ] Invoking AnonymousAuthenticationFilter (10/13)
[10-14 13:27:50 TRACE] [o.s.s.w.a.AnonymousAuthenticationFilter] Set SecurityContextHolder to AnonymousAuthenticationToken [Principal=anonymousUser, Credentials=[PROTECTED], Authenticated=true, Details=WebAuthenticationDetails [RemoteIpAddress=0:0:0:0:0:0:0:1, SessionId=null], Granted Authorities=[ROLE_ANONYMOUS]]
[10-14 13:27:50 TRACE] [o.s.security.web.FilterChainProxy   ] Invoking SessionManagementFilter (11/13)
[10-14 13:27:50 TRACE] [o.s.security.web.FilterChainProxy   ] Invoking ExceptionTranslationFilter (12/13)
[10-14 13:27:50 TRACE] [o.s.security.web.FilterChainProxy   ] Invoking FilterSecurityInterceptor (13/13)
[10-14 13:27:50 DEBUG] [o.s.security.web.FilterChainProxy   ] Secured GET /error
[10-14 13:27:51 DEBUG] [o.s.s.w.c.HttpSessionSecurityContextRepository] Did not store anonymous SecurityContext
[10-14 13:27:51 DEBUG] [o.s.s.w.c.SecurityContextPersistenceFilter] Cleared SecurityContextHolder to complete request
